Performing C SOURCE FILE Test CMAKE_HAVE_LIBC_PTHREAD failed with the following output:
Change Dir: /home/robit/catkin_ws/src/scuedk_bridge/cmake-build-debug/CMakeFiles/CMakeTmp

Run Build Command(s):/usr/bin/make -f Makefile cmTC_c4b67/fast && /usr/bin/make  -f CMakeFiles/cmTC_c4b67.dir/build.make CMakeFiles/cmTC_c4b67.dir/build
make[1]: Entering directory '/home/robit/catkin_ws/src/scuedk_bridge/cmake-build-debug/CMakeFiles/CMakeTmp'
Building C object CMakeFiles/cmTC_c4b67.dir/src.c.o
/usr/bin/cc -DCMAKE_HAVE_LIBC_PTHREAD   -o CMakeFiles/cmTC_c4b67.dir/src.c.o -c /home/robit/catkin_ws/src/scuedk_bridge/cmake-build-debug/CMakeFiles/CMakeTmp/src.c
Linking C executable cmTC_c4b67
/snap/clion/164/bin/cmake/linux/bin/cmake -E cmake_link_script CMakeFiles/cmTC_c4b67.dir/link.txt --verbose=1
/usr/bin/cc -rdynamic CMakeFiles/cmTC_c4b67.dir/src.c.o -o cmTC_c4b67 
CMakeFiles/cmTC_c4b67.dir/src.c.o: In function `main':
src.c:(.text+0x3e): undefined reference to `pthread_create'
src.c:(.text+0x4a): undefined reference to `pthread_detach'
src.c:(.text+0x56): undefined reference to `pthread_cancel'
src.c:(.text+0x67): undefined reference to `pthread_join'
src.c:(.text+0x7b): undefined reference to `pthread_atfork'
collect2: error: ld returned 1 exit status
CMakeFiles/cmTC_c4b67.dir/build.make:98: recipe for target 'cmTC_c4b67' failed
make[1]: *** [cmTC_c4b67] Error 1
make[1]: Leaving directory '/home/robit/catkin_ws/src/scuedk_bridge/cmake-build-debug/CMakeFiles/CMakeTmp'
Makefile:127: recipe for target 'cmTC_c4b67/fast' failed
make: *** [cmTC_c4b67/fast] Error 2


Source file was:
#include <pthread.h>

static void* test_func(void* data)
{
  return data;
}

int main(void)
{
  pthread_t thread;
  pthread_create(&thread, NULL, test_func, NULL);
  pthread_detach(thread);
  pthread_cancel(thread);
  pthread_join(thread, NULL);
  pthread_atfork(NULL, NULL, NULL);
  pthread_exit(NULL);

  return 0;
}

Determining if the function pthread_create exists in the pthreads failed with the following output:
Change Dir: /home/robit/catkin_ws/src/scuedk_bridge/cmake-build-debug/CMakeFiles/CMakeTmp

Run Build Command(s):/usr/bin/make -f Makefile cmTC_22758/fast && /usr/bin/make  -f CMakeFiles/cmTC_22758.dir/build.make CMakeFiles/cmTC_22758.dir/build
make[1]: Entering directory '/home/robit/catkin_ws/src/scuedk_bridge/cmake-build-debug/CMakeFiles/CMakeTmp'
Building C object CMakeFiles/cmTC_22758.dir/CheckFunctionExists.c.o
/usr/bin/cc   -DCHECK_FUNCTION_EXISTS=pthread_create -o CMakeFiles/cmTC_22758.dir/CheckFunctionExists.c.o -c /snap/clion/164/bin/cmake/linux/share/cmake-3.20/Modules/CheckFunctionExists.c
Linking C executable cmTC_22758
/snap/clion/164/bin/cmake/linux/bin/cmake -E cmake_link_script CMakeFiles/cmTC_22758.dir/link.txt --verbose=1
/usr/bin/cc  -DCHECK_FUNCTION_EXISTS=pthread_create -rdynamic CMakeFiles/cmTC_22758.dir/CheckFunctionExists.c.o -o cmTC_22758  -lpthreads 
/usr/bin/ld: cannot find -lpthreads
collect2: error: ld returned 1 exit status
CMakeFiles/cmTC_22758.dir/build.make:98: recipe for target 'cmTC_22758' failed
make[1]: *** [cmTC_22758] Error 1
make[1]: Leaving directory '/home/robit/catkin_ws/src/scuedk_bridge/cmake-build-debug/CMakeFiles/CMakeTmp'
Makefile:127: recipe for target 'cmTC_22758/fast' failed
make: *** [cmTC_22758/fast] Error 2



